framework640/build/outputs/logs/manifest-merger-debug-report.txt
-- Merging decision tree log ---
manifest
ADDED from CordovaTestApp/framework640/AndroidManifest.xml:20:1-22:12
INJECTED from CordovaTestApp/framework640/AndroidManifest.xml:20:1-22:12
INJECTED from CordovaTestApp/framework640/AndroidManifest.xml:20:1-22:12
INJECTED from CordovaTestApp/framework640/AndroidManifest.xml:20:1-22:12
INJECTED from CordovaTestApp/framework640/AndroidManifest.xml:20:1-22:12
INJECTED from CordovaTestApp/framework640/AndroidManifest.xml:20:1-22:12
INJECTED from CordovaTestApp/framework640/AndroidManifest.xml:20:1-22:12
	package
		ADDED from CordovaTestApp/framework640/AndroidManifest.xml:21:7-35
		INJECTED from CordovaTestApp/framework640/AndroidManifest.xml
		INJECTED from CordovaTestApp/framework640/AndroidManifest.xml
	android:versionName
		ADDED from CordovaTestApp/framework640/AndroidManifest.xml:21:36-61
		INJECTED from CordovaTestApp/framework640/AndroidManifest.xml
		INJECTED from CordovaTestApp/framework640/AndroidManifest.xml
	xmlns:android
		ADDED from CordovaTestApp/framework640/AndroidManifest.xml:20:11-69
	android:versionCode
		ADDED from CordovaTestApp/framework640/AndroidManifest.xml:21:62-85
		INJECTED from CordovaTestApp/framework640/AndroidManifest.xml
		INJECTED from CordovaTestApp/framework640/AndroidManifest.xml